<?xml version="1.0" encoding="UTF-8"?>
<testng-results ignored="0" total="1" passed="1" failed="0" skipped="0">
  <reporter-output>
  </reporter-output>
  <suite started-at="2023-03-07T19:28:43 CST" name="Default suite" finished-at="2023-03-07T19:29:05 CST" duration-ms="21961">
    <groups>
    </groups>
    <test started-at="2023-03-07T19:28:43 CST" name="Default test" finished-at="2023-03-07T19:29:05 CST" duration-ms="21961">
      <class name="testscenarios.Case2">
        <test-method signature="f()[pri:0, instance:testscenarios.Case2@71687585]" started-at="2023-03-07T19:28:43 CST" name="f" finished-at="2023-03-07T19:29:05 CST" duration-ms="21905" status="PASS">
          <reporter-output>
          </reporter-output>
        </test-method> <!-- f -->
      </class> <!-- testscenarios.Case2 -->
    </test> <!-- Default test -->
  </suite> <!-- Default suite -->
</testng-results>
